# JRE version: OpenJDK Runtime Environment Temurin-17.0.10+7 (17.0.10+7) (build 17.0.10+7)
# Java VM: OpenJDK 64-Bit Server VM Temurin-17.0.10+7 (17.0.10+7, mixed mode, emulated-client, tiered, compressed oops, compressed class ptrs, g1 gc, windows-amd64)
GC Precious Log:
 CPUs: 12 total, 12 available
 Memory: 7365M
 Large Page Support: Disabled
 NUMA Support: Disabled
 Compressed Oops: Enabled (32-bit)
 Heap Region Size: 1M
 Heap Min Capacity: 8M
 Heap Initial Capacity: 116M
 Heap Max Capacity: 1G
 Pre-touch: Disabled
 Parallel Workers: 10
 Concurrent Workers: 3
 Concurrent Refinement Workers: 10
 Periodic GC: Disabled
Heap:
 garbage-first heap   total 147456K, used 43451K [0x00000000c0000000, 0x0000000100000000)
  region size 1024K, 1 young (1024K), 0 survivors (0K)
 Metaspace       used 61654K, committed 62208K, reserved 1114112K
  class space    used 7758K, committed 8000K, reserved 1048576K
GC Heap History (20 events):
Event: 44531.578 GC heap before
{Heap before GC invocations=4254 (full 4205):
 garbage-first heap   total 147456K, used 43451K [0x00000000c0000000, 0x0000000100000000)
  region size 1024K, 1 young (1024K), 0 survivors (0K)
 Metaspace       used 61654K, committed 62208K, reserved 1114112K
  class space    used 7758K, committed 8000K, reserved 1048576K
}
Event: 44531.635 GC heap after
{Heap after GC invocations=4255 (full 4206):
 garbage-first heap   total 147456K, used 43451K [0x00000000c0000000, 0x0000000100000000)
  region size 1024K, 0 young (0K), 0 survivors (0K)
 Metaspace       used 61654K, committed 62208K, reserved 1114112K
  class space    used 7758K, committed 8000K, reserved 1048576K
}
Event: 44541.839 GC heap before
{Heap before GC invocations=4255 (full 4206):
 garbage-first heap   total 147456K, used 43451K [0x00000000c0000000, 0x0000000100000000)
  region size 1024K, 1 young (1024K), 0 survivors (0K)
 Metaspace       used 61654K, committed 62208K, reserved 1114112K
  class space    used 7758K, committed 8000K, reserved 1048576K
}
Event: 44541.885 GC heap after
{Heap after GC invocations=4256 (full 4207):
 garbage-first heap   total 147456K, used 43451K [0x00000000c0000000, 0x0000000100000000)
  region size 1024K, 0 young (0K), 0 survivors (0K)
 Metaspace       used 61654K, committed 62208K, reserved 1114112K
  class space    used 7758K, committed 8000K, reserved 1048576K
}
Event: 44552.091 GC heap before
{Heap before GC invocations=4256 (full 4207):
 garbage-first heap   total 147456K, used 43451K [0x00000000c0000000, 0x0000000100000000)
  region size 1024K, 1 young (1024K), 0 survivors (0K)
 Metaspace       used 61654K, committed 62208K, reserved 1114112K
  class space    used 7758K, committed 8000K, reserved 1048576K
}
Event: 44552.139 GC heap after
{Heap after GC invocations=4257 (full 4208):
 garbage-first heap   total 147456K, used 43451K [0x00000000c0000000, 0x0000000100000000)
  region size 1024K, 0 young (0K), 0 survivors (0K)
 Metaspace       used 61654K, committed 62208K, reserved 1114112K
  class space    used 7758K, committed 8000K, reserved 1048576K
}
Event: 44562.364 GC heap before
{Heap before GC invocations=4257 (full 4208):
 garbage-first heap   total 147456K, used 43451K [0x00000000c0000000, 0x0000000100000000)
  region size 1024K, 1 young (1024K), 0 survivors (0K)
 Metaspace       used 61654K, committed 62208K, reserved 1114112K
  class space    used 7758K, committed 8000K, reserved 1048576K
}
Event: 44562.411 GC heap after
{Heap after GC invocations=4258 (full 4209):
 garbage-first heap   total 147456K, used 43451K [0x00000000c0000000, 0x0000000100000000)
  region size 1024K, 0 young (0K), 0 survivors (0K)
 Metaspace       used 61654K, committed 62208K, reserved 1114112K
  class space    used 7758K, committed 8000K, reserved 1048576K
}
Event: 44572.639 GC heap before
{Heap before GC invocations=4258 (full 4209):
 garbage-first heap   total 147456K, used 43451K [0x00000000c0000000, 0x0000000100000000)
  region size 1024K, 1 young (1024K), 0 survivors (0K)
 Metaspace       used 61654K, committed 62208K, reserved 1114112K
  class space    used 7758K, committed 8000K, reserved 1048576K
}
Event: 44572.686 GC heap after
{Heap after GC invocations=4259 (full 4210):
 garbage-first heap   total 147456K, used 43451K [0x00000000c0000000, 0x0000000100000000)
  region size 1024K, 0 young (0K), 0 survivors (0K)
 Metaspace       used 61654K, committed 62208K, reserved 1114112K
  class space    used 7758K, committed 8000K, reserved 1048576K
}
Event: 44582.894 GC heap before
{Heap before GC invocations=4259 (full 4210):
 garbage-first heap   total 147456K, used 43451K [0x00000000c0000000, 0x0000000100000000)
  region size 1024K, 1 young (1024K), 0 survivors (0K)
 Metaspace       used 61654K, committed 62208K, reserved 1114112K
  class space    used 7758K, committed 8000K, reserved 1048576K
}
Event: 44582.949 GC heap after
{Heap after GC invocations=4260 (full 4211):
 garbage-first heap   total 147456K, used 43451K [0x00000000c0000000, 0x0000000100000000)
  region size 1024K, 0 young (0K), 0 survivors (0K)
 Metaspace       used 61654K, committed 62208K, reserved 1114112K
  class space    used 7758K, committed 8000K, reserved 1048576K
}
Event: 44593.200 GC heap before
{Heap before GC invocations=4260 (full 4211):
 garbage-first heap   total 147456K, used 43451K [0x00000000c0000000, 0x0000000100000000)
  region size 1024K, 1 young (1024K), 0 survivors (0K)
 Metaspace       used 61654K, committed 62208K, reserved 1114112K
  class space    used 7758K, committed 8000K, reserved 1048576K
}
Event: 44593.255 GC heap after
{Heap after GC invocations=4261 (full 4212):
 garbage-first heap   total 147456K, used 43451K [0x00000000c0000000, 0x0000000100000000)
  region size 1024K, 0 young (0K), 0 survivors (0K)
 Metaspace       used 61654K, committed 62208K, reserved 1114112K
  class space    used 7758K, committed 8000K, reserved 1048576K
}
Event: 44603.478 GC heap before
{Heap before GC invocations=4261 (full 4212):
 garbage-first heap   total 147456K, used 43451K [0x00000000c0000000, 0x0000000100000000)
  region size 1024K, 1 young (1024K), 0 survivors (0K)
 Metaspace       used 61654K, committed 62208K, reserved 1114112K
  class space    used 7758K, committed 8000K, reserved 1048576K
}
Event: 44603.514 GC heap after
{Heap after GC invocations=4262 (full 4213):
 garbage-first heap   total 147456K, used 43451K [0x00000000c0000000, 0x0000000100000000)
  region size 1024K, 0 young (0K), 0 survivors (0K)
 Metaspace       used 61654K, committed 62208K, reserved 1114112K
  class space    used 7758K, committed 8000K, reserved 1048576K
}
Event: 44613.721 GC heap before
{Heap before GC invocations=4262 (full 4213):
 garbage-first heap   total 147456K, used 43451K [0x00000000c0000000, 0x0000000100000000)
  region size 1024K, 1 young (1024K), 0 survivors (0K)
 Metaspace       used 61654K, committed 62208K, reserved 1114112K
  class space    used 7758K, committed 8000K, reserved 1048576K
}
Event: 44613.760 GC heap after
{Heap after GC invocations=4263 (full 4214):
 garbage-first heap   total 147456K, used 43451K [0x00000000c0000000, 0x0000000100000000)
  region size 1024K, 0 young (0K), 0 survivors (0K)
 Metaspace       used 61654K, committed 62208K, reserved 1114112K
  class space    used 7758K, committed 8000K, reserved 1048576K
}
Event: 44624.144 GC heap before
{Heap before GC invocations=4263 (full 4214):
 garbage-first heap   total 147456K, used 43451K [0x00000000c0000000, 0x0000000100000000)
  region size 1024K, 1 young (1024K), 0 survivors (0K)
 Metaspace       used 61654K, committed 62208K, reserved 1114112K
  class space    used 7758K, committed 8000K, reserved 1048576K
}
Event: 44624.199 GC heap after
{Heap after GC invocations=4264 (full 4215):
 garbage-first heap   total 147456K, used 43451K [0x00000000c0000000, 0x0000000100000000)
  region size 1024K, 0 young (0K), 0 survivors (0K)
 Metaspace       used 61654K, committed 62208K, reserved 1114112K
  class space    used 7758K, committed 8000K, reserved 1048576K
}

