# JRE version: OpenJDK Runtime Environment Temurin-17.0.10+7 (17.0.10+7) (build 17.0.10+7)
# Java VM: OpenJDK 64-Bit Server VM Temurin-17.0.10+7 (17.0.10+7, mixed mode, emulated-client, tiered, compressed oops, compressed class ptrs, g1 gc, windows-amd64)
GC Precious Log:
 CPUs: 12 total, 12 available
 Memory: 7365M
 Large Page Support: Disabled
 NUMA Support: Disabled
 Compressed Oops: Enabled (32-bit)
 Heap Region Size: 1M
 Heap Min Capacity: 8M
 Heap Initial Capacity: 116M
 Heap Max Capacity: 1G
 Pre-touch: Disabled
 Parallel Workers: 10
 Concurrent Workers: 3
 Concurrent Refinement Workers: 10
 Periodic GC: Disabled
Heap:
 garbage-first heap   total 75776K, used 56182K [0x00000000c0000000, 0x0000000100000000)
  region size 1024K, 42 young (43008K), 5 survivors (5120K)
 Metaspace       used 27842K, committed 28096K, reserved 1114112K
  class space    used 3466K, committed 3584K, reserved 1048576K
GC Heap History (6 events):
Event: 13.230 GC heap before
{Heap before GC invocations=0 (full 0):
 garbage-first heap   total 118784K, used 28672K [0x00000000c0000000, 0x0000000100000000)
  region size 1024K, 23 young (23552K), 0 survivors (0K)
 Metaspace       used 8238K, committed 8384K, reserved 1114112K
  class space    used 923K, committed 1024K, reserved 1048576K
}
Event: 13.256 GC heap after
{Heap after GC invocations=1 (full 0):
 garbage-first heap   total 118784K, used 15560K [0x00000000c0000000, 0x0000000100000000)
  region size 1024K, 3 young (3072K), 3 survivors (3072K)
 Metaspace       used 8238K, committed 8384K, reserved 1114112K
  class space    used 923K, committed 1024K, reserved 1048576K
}
Event: 14.004 GC heap before
{Heap before GC invocations=1 (full 0):
 garbage-first heap   total 118784K, used 37064K [0x00000000c0000000, 0x0000000100000000)
  region size 1024K, 25 young (25600K), 3 survivors (3072K)
 Metaspace       used 13911K, committed 14144K, reserved 1114112K
  class space    used 1725K, committed 1856K, reserved 1048576K
}
Event: 14.014 GC heap after
{Heap after GC invocations=2 (full 0):
 garbage-first heap   total 118784K, used 17374K [0x00000000c0000000, 0x0000000100000000)
  region size 1024K, 2 young (2048K), 2 survivors (2048K)
 Metaspace       used 13911K, committed 14144K, reserved 1114112K
  class space    used 1725K, committed 1856K, reserved 1048576K
}
Event: 14.770 GC heap before
{Heap before GC invocations=2 (full 0):
 garbage-first heap   total 118784K, used 49118K [0x00000000c0000000, 0x0000000100000000)
  region size 1024K, 34 young (34816K), 2 survivors (2048K)
 Metaspace       used 21229K, committed 21504K, reserved 1114112K
  class space    used 2611K, committed 2752K, reserved 1048576K
}
Event: 14.777 GC heap after
{Heap after GC invocations=3 (full 0):
 garbage-first heap   total 118784K, used 20342K [0x00000000c0000000, 0x0000000100000000)
  region size 1024K, 5 young (5120K), 5 survivors (5120K)
 Metaspace       used 21229K, committed 21504K, reserved 1114112K
  class space    used 2611K, committed 2752K, reserved 1048576K
}

