# JRE version: Java(TM) SE Runtime Environment (21.0.2+13) (build 21.0.2+13-LTS-58)
# Java VM: Java HotSpot(TM) 64-Bit Server VM (21.0.2+13-LTS-58, mixed mode, sharing, tiered, compressed oops, compressed class ptrs, g1 gc, windows-amd64)
GC Precious Log:
 CardTable entry size: 512
 Card Set container configuration: InlinePtr #cards 5 size 8 Array Of Cards #cards 12 size 40 Howl #buckets 4 coarsen threshold 1843 Howl Bitmap #cards 512 size 80 coarsen threshold 460 Card regions per heap region 1 cards per card region 2048
 CPUs: 12 total, 12 available
 Memory: 8003M
 Large Page Support: Disabled
 NUMA Support: Disabled
 Compressed Oops: Enabled (32-bit)
 Heap Region Size: 1M
 Heap Min Capacity: 8M
 Heap Initial Capacity: 126M
 Heap Max Capacity: 2002M
 Pre-touch: Disabled
 Parallel Workers: 10
 Concurrent Workers: 3
 Concurrent Refinement Workers: 10
 Periodic GC: Disabled
Heap:
 garbage-first heap   total 131072K, used 90805K [0x0000000082e00000, 0x0000000100000000)
  region size 1024K, 35 young (35840K), 2 survivors (2048K)
 Metaspace       used 79642K, committed 80640K, reserved 1179648K
  class space    used 9470K, committed 10048K, reserved 1048576K
GC Heap History (20 events):
Event: 9087.172 GC heap before
{Heap before GC invocations=36 (full 0):
 garbage-first heap   total 130048K, used 119000K [0x0000000082e00000, 0x0000000100000000)
  region size 1024K, 57 young (58368K), 3 survivors (3072K)
 Metaspace       used 78503K, committed 79552K, reserved 1179648K
  class space    used 9358K, committed 10048K, reserved 1048576K
}
Event: 9087.223 GC heap after
{Heap after GC invocations=37 (full 0):
 garbage-first heap   total 130048K, used 62971K [0x0000000082e00000, 0x0000000100000000)
  region size 1024K, 2 young (2048K), 2 survivors (2048K)
 Metaspace       used 78503K, committed 79552K, reserved 1179648K
  class space    used 9358K, committed 10048K, reserved 1048576K
}
Event: 9507.380 GC heap before
{Heap before GC invocations=37 (full 0):
 garbage-first heap   total 130048K, used 120315K [0x0000000082e00000, 0x0000000100000000)
  region size 1024K, 58 young (59392K), 2 survivors (2048K)
 Metaspace       used 78589K, committed 79680K, reserved 1179648K
  class space    used 9372K, committed 10048K, reserved 1048576K
}
Event: 9507.456 GC heap after
{Heap after GC invocations=38 (full 0):
 garbage-first heap   total 131072K, used 58195K [0x0000000082e00000, 0x0000000100000000)
  region size 1024K, 2 young (2048K), 2 survivors (2048K)
 Metaspace       used 78589K, committed 79680K, reserved 1179648K
  class space    used 9372K, committed 10048K, reserved 1048576K
}
Event: 13676.628 GC heap before
{Heap before GC invocations=38 (full 0):
 garbage-first heap   total 131072K, used 120659K [0x0000000082e00000, 0x0000000100000000)
  region size 1024K, 63 young (64512K), 2 survivors (2048K)
 Metaspace       used 78736K, committed 79808K, reserved 1179648K
  class space    used 9384K, committed 10048K, reserved 1048576K
}
Event: 13676.846 GC heap after
{Heap after GC invocations=39 (full 0):
 garbage-first heap   total 131072K, used 59958K [0x0000000082e00000, 0x0000000100000000)
  region size 1024K, 4 young (4096K), 4 survivors (4096K)
 Metaspace       used 78736K, committed 79808K, reserved 1179648K
  class space    used 9384K, committed 10048K, reserved 1048576K
}
Event: 13959.407 GC heap before
{Heap before GC invocations=40 (full 0):
 garbage-first heap   total 131072K, used 118326K [0x0000000082e00000, 0x0000000100000000)
  region size 1024K, 61 young (62464K), 4 survivors (4096K)
 Metaspace       used 78786K, committed 79872K, reserved 1179648K
  class space    used 9381K, committed 10048K, reserved 1048576K
}
Event: 13959.522 GC heap after
{Heap after GC invocations=41 (full 0):
 garbage-first heap   total 131072K, used 60669K [0x0000000082e00000, 0x0000000100000000)
  region size 1024K, 5 young (5120K), 5 survivors (5120K)
 Metaspace       used 78786K, committed 79872K, reserved 1179648K
  class space    used 9381K, committed 10048K, reserved 1048576K
}
Event: 15629.306 GC heap before
{Heap before GC invocations=41 (full 0):
 garbage-first heap   total 131072K, used 116989K [0x0000000082e00000, 0x0000000100000000)
  region size 1024K, 60 young (61440K), 5 survivors (5120K)
 Metaspace       used 78864K, committed 79936K, reserved 1179648K
  class space    used 9385K, committed 10048K, reserved 1048576K
}
Event: 15629.399 GC heap after
{Heap after GC invocations=42 (full 0):
 garbage-first heap   total 131072K, used 59830K [0x0000000082e00000, 0x0000000100000000)
  region size 1024K, 5 young (5120K), 5 survivors (5120K)
 Metaspace       used 78864K, committed 79936K, reserved 1179648K
  class space    used 9385K, committed 10048K, reserved 1048576K
}
Event: 21386.490 GC heap before
{Heap before GC invocations=42 (full 0):
 garbage-first heap   total 131072K, used 118198K [0x0000000082e00000, 0x0000000100000000)
  region size 1024K, 62 young (63488K), 5 survivors (5120K)
 Metaspace       used 78987K, committed 80064K, reserved 1179648K
  class space    used 9385K, committed 10048K, reserved 1048576K
}
Event: 21386.580 GC heap after
{Heap after GC invocations=43 (full 0):
 garbage-first heap   total 131072K, used 61777K [0x0000000082e00000, 0x0000000100000000)
  region size 1024K, 6 young (6144K), 6 survivors (6144K)
 Metaspace       used 78987K, committed 80064K, reserved 1179648K
  class space    used 9385K, committed 10048K, reserved 1048576K
}
Event: 21894.719 GC heap before
{Heap before GC invocations=44 (full 0):
 garbage-first heap   total 131072K, used 117073K [0x0000000082e00000, 0x0000000100000000)
  region size 1024K, 60 young (61440K), 6 survivors (6144K)
 Metaspace       used 79023K, committed 80064K, reserved 1179648K
  class space    used 9386K, committed 10048K, reserved 1048576K
}
Event: 21894.843 GC heap after
{Heap after GC invocations=45 (full 0):
 garbage-first heap   total 131072K, used 59798K [0x0000000082e00000, 0x0000000100000000)
  region size 1024K, 2 young (2048K), 2 survivors (2048K)
 Metaspace       used 79023K, committed 80064K, reserved 1179648K
  class space    used 9386K, committed 10048K, reserved 1048576K
}
Event: 24035.710 GC heap before
{Heap before GC invocations=45 (full 0):
 garbage-first heap   total 131072K, used 121238K [0x0000000082e00000, 0x0000000100000000)
  region size 1024K, 62 young (63488K), 2 survivors (2048K)
 Metaspace       used 79202K, committed 80256K, reserved 1179648K
  class space    used 9408K, committed 10048K, reserved 1048576K
}
Event: 24035.793 GC heap after
{Heap after GC invocations=46 (full 0):
 garbage-first heap   total 131072K, used 59420K [0x0000000082e00000, 0x0000000100000000)
  region size 1024K, 2 young (2048K), 2 survivors (2048K)
 Metaspace       used 79202K, committed 80256K, reserved 1179648K
  class space    used 9408K, committed 10048K, reserved 1048576K
}
Event: 25387.566 GC heap before
{Heap before GC invocations=46 (full 0):
 garbage-first heap   total 131072K, used 120860K [0x0000000082e00000, 0x0000000100000000)
  region size 1024K, 62 young (63488K), 2 survivors (2048K)
 Metaspace       used 79332K, committed 80384K, reserved 1179648K
  class space    used 9420K, committed 10048K, reserved 1048576K
}
Event: 25388.136 GC heap after
{Heap after GC invocations=47 (full 0):
 garbage-first heap   total 131072K, used 59255K [0x0000000082e00000, 0x0000000100000000)
  region size 1024K, 2 young (2048K), 2 survivors (2048K)
 Metaspace       used 79332K, committed 80384K, reserved 1179648K
  class space    used 9420K, committed 10048K, reserved 1048576K
}
Event: 25809.624 GC heap before
{Heap before GC invocations=48 (full 0):
 garbage-first heap   total 131072K, used 119671K [0x0000000082e00000, 0x0000000100000000)
  region size 1024K, 62 young (63488K), 2 survivors (2048K)
 Metaspace       used 79515K, committed 80512K, reserved 1179648K
  class space    used 9450K, committed 10048K, reserved 1048576K
}
Event: 25809.666 GC heap after
{Heap after GC invocations=49 (full 0):
 garbage-first heap   total 131072K, used 59061K [0x0000000082e00000, 0x0000000100000000)
  region size 1024K, 2 young (2048K), 2 survivors (2048K)
 Metaspace       used 79515K, committed 80512K, reserved 1179648K
  class space    used 9450K, committed 10048K, reserved 1048576K
}

