# JRE version: OpenJDK Runtime Environment Temurin-17.0.8.1+1 (17.0.8.1+1) (build 17.0.8.1+1)
# Java VM: OpenJDK 64-Bit Server VM Temurin-17.0.8.1+1 (17.0.8.1+1, mixed mode, emulated-client, tiered, compressed oops, compressed class ptrs, g1 gc, windows-amd64)
GC Precious Log:
 CPUs: 8 total, 8 available
 Memory: 7872M
 Large Page Support: Disabled
 NUMA Support: Disabled
 Compressed Oops: Enabled (32-bit)
 Heap Region Size: 1M
 Heap Min Capacity: 8M
 Heap Initial Capacity: 124M
 Heap Max Capacity: 1G
 Pre-touch: Disabled
 Parallel Workers: 8
 Concurrent Workers: 2
 Concurrent Refinement Workers: 8
 Periodic GC: Disabled
Heap:
 garbage-first heap   total 98304K, used 32542K [0x00000000c0000000, 0x0000000100000000)
  region size 1024K, 1 young (1024K), 0 survivors (0K)
 Metaspace       used 56686K, committed 57344K, reserved 1114112K
  class space    used 7244K, committed 7488K, reserved 1048576K
GC Heap History (20 events):
Event: 31370.838 GC heap before
{Heap before GC invocations=2081 (full 2064):
 garbage-first heap   total 98304K, used 32542K [0x00000000c0000000, 0x0000000100000000)
  region size 1024K, 1 young (1024K), 0 survivors (0K)
 Metaspace       used 56686K, committed 57344K, reserved 1114112K
  class space    used 7244K, committed 7488K, reserved 1048576K
}
Event: 31370.862 GC heap after
{Heap after GC invocations=2082 (full 2065):
 garbage-first heap   total 98304K, used 32542K [0x00000000c0000000, 0x0000000100000000)
  region size 1024K, 0 young (0K), 0 survivors (0K)
 Metaspace       used 56686K, committed 57344K, reserved 1114112K
  class space    used 7244K, committed 7488K, reserved 1048576K
}
Event: 31381.043 GC heap before
{Heap before GC invocations=2082 (full 2065):
 garbage-first heap   total 98304K, used 32542K [0x00000000c0000000, 0x0000000100000000)
  region size 1024K, 1 young (1024K), 0 survivors (0K)
 Metaspace       used 56686K, committed 57344K, reserved 1114112K
  class space    used 7244K, committed 7488K, reserved 1048576K
}
Event: 31381.065 GC heap after
{Heap after GC invocations=2083 (full 2066):
 garbage-first heap   total 98304K, used 32542K [0x00000000c0000000, 0x0000000100000000)
  region size 1024K, 0 young (0K), 0 survivors (0K)
 Metaspace       used 56686K, committed 57344K, reserved 1114112K
  class space    used 7244K, committed 7488K, reserved 1048576K
}
Event: 31391.249 GC heap before
{Heap before GC invocations=2083 (full 2066):
 garbage-first heap   total 98304K, used 32542K [0x00000000c0000000, 0x0000000100000000)
  region size 1024K, 1 young (1024K), 0 survivors (0K)
 Metaspace       used 56686K, committed 57344K, reserved 1114112K
  class space    used 7244K, committed 7488K, reserved 1048576K
}
Event: 31391.272 GC heap after
{Heap after GC invocations=2084 (full 2067):
 garbage-first heap   total 98304K, used 32542K [0x00000000c0000000, 0x0000000100000000)
  region size 1024K, 0 young (0K), 0 survivors (0K)
 Metaspace       used 56686K, committed 57344K, reserved 1114112K
  class space    used 7244K, committed 7488K, reserved 1048576K
}
Event: 31401.482 GC heap before
{Heap before GC invocations=2084 (full 2067):
 garbage-first heap   total 98304K, used 32542K [0x00000000c0000000, 0x0000000100000000)
  region size 1024K, 1 young (1024K), 0 survivors (0K)
 Metaspace       used 56686K, committed 57344K, reserved 1114112K
  class space    used 7244K, committed 7488K, reserved 1048576K
}
Event: 31401.514 GC heap after
{Heap after GC invocations=2085 (full 2068):
 garbage-first heap   total 98304K, used 32542K [0x00000000c0000000, 0x0000000100000000)
  region size 1024K, 0 young (0K), 0 survivors (0K)
 Metaspace       used 56686K, committed 57344K, reserved 1114112K
  class space    used 7244K, committed 7488K, reserved 1048576K
}
Event: 31411.777 GC heap before
{Heap before GC invocations=2085 (full 2068):
 garbage-first heap   total 98304K, used 32542K [0x00000000c0000000, 0x0000000100000000)
  region size 1024K, 1 young (1024K), 0 survivors (0K)
 Metaspace       used 56686K, committed 57344K, reserved 1114112K
  class space    used 7244K, committed 7488K, reserved 1048576K
}
Event: 31411.817 GC heap after
{Heap after GC invocations=2086 (full 2069):
 garbage-first heap   total 98304K, used 32542K [0x00000000c0000000, 0x0000000100000000)
  region size 1024K, 0 young (0K), 0 survivors (0K)
 Metaspace       used 56686K, committed 57344K, reserved 1114112K
  class space    used 7244K, committed 7488K, reserved 1048576K
}
Event: 31422.109 GC heap before
{Heap before GC invocations=2086 (full 2069):
 garbage-first heap   total 98304K, used 32542K [0x00000000c0000000, 0x0000000100000000)
  region size 1024K, 1 young (1024K), 0 survivors (0K)
 Metaspace       used 56686K, committed 57344K, reserved 1114112K
  class space    used 7244K, committed 7488K, reserved 1048576K
}
Event: 31422.149 GC heap after
{Heap after GC invocations=2087 (full 2070):
 garbage-first heap   total 98304K, used 32542K [0x00000000c0000000, 0x0000000100000000)
  region size 1024K, 0 young (0K), 0 survivors (0K)
 Metaspace       used 56686K, committed 57344K, reserved 1114112K
  class space    used 7244K, committed 7488K, reserved 1048576K
}
Event: 31432.517 GC heap before
{Heap before GC invocations=2087 (full 2070):
 garbage-first heap   total 98304K, used 32542K [0x00000000c0000000, 0x0000000100000000)
  region size 1024K, 1 young (1024K), 0 survivors (0K)
 Metaspace       used 56686K, committed 57344K, reserved 1114112K
  class space    used 7244K, committed 7488K, reserved 1048576K
}
Event: 31432.566 GC heap after
{Heap after GC invocations=2088 (full 2071):
 garbage-first heap   total 98304K, used 32542K [0x00000000c0000000, 0x0000000100000000)
  region size 1024K, 0 young (0K), 0 survivors (0K)
 Metaspace       used 56686K, committed 57344K, reserved 1114112K
  class space    used 7244K, committed 7488K, reserved 1048576K
}
Event: 31442.966 GC heap before
{Heap before GC invocations=2088 (full 2071):
 garbage-first heap   total 98304K, used 32542K [0x00000000c0000000, 0x0000000100000000)
  region size 1024K, 1 young (1024K), 0 survivors (0K)
 Metaspace       used 56686K, committed 57344K, reserved 1114112K
  class space    used 7244K, committed 7488K, reserved 1048576K
}
Event: 31443.015 GC heap after
{Heap after GC invocations=2089 (full 2072):
 garbage-first heap   total 98304K, used 32542K [0x00000000c0000000, 0x0000000100000000)
  region size 1024K, 0 young (0K), 0 survivors (0K)
 Metaspace       used 56686K, committed 57344K, reserved 1114112K
  class space    used 7244K, committed 7488K, reserved 1048576K
}
Event: 31453.346 GC heap before
{Heap before GC invocations=2089 (full 2072):
 garbage-first heap   total 98304K, used 32542K [0x00000000c0000000, 0x0000000100000000)
  region size 1024K, 1 young (1024K), 0 survivors (0K)
 Metaspace       used 56686K, committed 57344K, reserved 1114112K
  class space    used 7244K, committed 7488K, reserved 1048576K
}
Event: 31453.389 GC heap after
{Heap after GC invocations=2090 (full 2073):
 garbage-first heap   total 98304K, used 32542K [0x00000000c0000000, 0x0000000100000000)
  region size 1024K, 0 young (0K), 0 survivors (0K)
 Metaspace       used 56686K, committed 57344K, reserved 1114112K
  class space    used 7244K, committed 7488K, reserved 1048576K
}
Event: 31463.838 GC heap before
{Heap before GC invocations=2090 (full 2073):
 garbage-first heap   total 98304K, used 32542K [0x00000000c0000000, 0x0000000100000000)
  region size 1024K, 1 young (1024K), 0 survivors (0K)
 Metaspace       used 56686K, committed 57344K, reserved 1114112K
  class space    used 7244K, committed 7488K, reserved 1048576K
}
Event: 31463.880 GC heap after
{Heap after GC invocations=2091 (full 2074):
 garbage-first heap   total 98304K, used 32542K [0x00000000c0000000, 0x0000000100000000)
  region size 1024K, 0 young (0K), 0 survivors (0K)
 Metaspace       used 56686K, committed 57344K, reserved 1114112K
  class space    used 7244K, committed 7488K, reserved 1048576K
}

