# JRE version: OpenJDK Runtime Environment Temurin-17.0.7+7 (17.0.7+7) (build 17.0.7+7)
# Java VM: OpenJDK 64-Bit Server VM Temurin-17.0.7+7 (17.0.7+7, mixed mode, emulated-client, tiered, compressed oops, compressed class ptrs, g1 gc, windows-amd64)
GC Precious Log:
 CPUs: 8 total, 8 available
 Memory: 7872M
 Large Page Support: Disabled
 NUMA Support: Disabled
 Compressed Oops: Enabled (32-bit)
 Heap Region Size: 1M
 Heap Min Capacity: 8M
 Heap Initial Capacity: 124M
 Heap Max Capacity: 1G
 Pre-touch: Disabled
 Parallel Workers: 8
 Concurrent Workers: 2
 Concurrent Refinement Workers: 8
 Periodic GC: Disabled
Heap:
 garbage-first heap   total 311296K, used 92074K [0x00000000c0000000, 0x0000000100000000)
  region size 1024K, 1 young (1024K), 0 survivors (0K)
 Metaspace       used 74422K, committed 75328K, reserved 1114112K
  class space    used 10171K, committed 10560K, reserved 1048576K
GC Heap History (20 events):
Event: 680.303 GC heap before
{Heap before GC invocations=138 (full 56):
 garbage-first heap   total 311296K, used 92074K [0x00000000c0000000, 0x0000000100000000)
  region size 1024K, 1 young (1024K), 0 survivors (0K)
 Metaspace       used 74422K, committed 75328K, reserved 1114112K
  class space    used 10171K, committed 10560K, reserved 1048576K
}
Event: 680.358 GC heap after
{Heap after GC invocations=139 (full 57):
 garbage-first heap   total 311296K, used 92074K [0x00000000c0000000, 0x0000000100000000)
  region size 1024K, 0 young (0K), 0 survivors (0K)
 Metaspace       used 74422K, committed 75328K, reserved 1114112K
  class space    used 10171K, committed 10560K, reserved 1048576K
}
Event: 690.585 GC heap before
{Heap before GC invocations=139 (full 57):
 garbage-first heap   total 311296K, used 92074K [0x00000000c0000000, 0x0000000100000000)
  region size 1024K, 1 young (1024K), 0 survivors (0K)
 Metaspace       used 74422K, committed 75328K, reserved 1114112K
  class space    used 10171K, committed 10560K, reserved 1048576K
}
Event: 690.630 GC heap after
{Heap after GC invocations=140 (full 58):
 garbage-first heap   total 311296K, used 92074K [0x00000000c0000000, 0x0000000100000000)
  region size 1024K, 0 young (0K), 0 survivors (0K)
 Metaspace       used 74422K, committed 75328K, reserved 1114112K
  class space    used 10171K, committed 10560K, reserved 1048576K
}
Event: 700.840 GC heap before
{Heap before GC invocations=140 (full 58):
 garbage-first heap   total 311296K, used 92074K [0x00000000c0000000, 0x0000000100000000)
  region size 1024K, 1 young (1024K), 0 survivors (0K)
 Metaspace       used 74422K, committed 75328K, reserved 1114112K
  class space    used 10171K, committed 10560K, reserved 1048576K
}
Event: 700.891 GC heap after
{Heap after GC invocations=141 (full 59):
 garbage-first heap   total 311296K, used 92074K [0x00000000c0000000, 0x0000000100000000)
  region size 1024K, 0 young (0K), 0 survivors (0K)
 Metaspace       used 74422K, committed 75328K, reserved 1114112K
  class space    used 10171K, committed 10560K, reserved 1048576K
}
Event: 711.097 GC heap before
{Heap before GC invocations=141 (full 59):
 garbage-first heap   total 311296K, used 92074K [0x00000000c0000000, 0x0000000100000000)
  region size 1024K, 1 young (1024K), 0 survivors (0K)
 Metaspace       used 74422K, committed 75328K, reserved 1114112K
  class space    used 10171K, committed 10560K, reserved 1048576K
}
Event: 711.144 GC heap after
{Heap after GC invocations=142 (full 60):
 garbage-first heap   total 311296K, used 92074K [0x00000000c0000000, 0x0000000100000000)
  region size 1024K, 0 young (0K), 0 survivors (0K)
 Metaspace       used 74422K, committed 75328K, reserved 1114112K
  class space    used 10171K, committed 10560K, reserved 1048576K
}
Event: 721.388 GC heap before
{Heap before GC invocations=142 (full 60):
 garbage-first heap   total 311296K, used 92074K [0x00000000c0000000, 0x0000000100000000)
  region size 1024K, 1 young (1024K), 0 survivors (0K)
 Metaspace       used 74422K, committed 75328K, reserved 1114112K
  class space    used 10171K, committed 10560K, reserved 1048576K
}
Event: 721.462 GC heap after
{Heap after GC invocations=143 (full 61):
 garbage-first heap   total 311296K, used 92074K [0x00000000c0000000, 0x0000000100000000)
  region size 1024K, 0 young (0K), 0 survivors (0K)
 Metaspace       used 74422K, committed 75328K, reserved 1114112K
  class space    used 10171K, committed 10560K, reserved 1048576K
}
Event: 731.663 GC heap before
{Heap before GC invocations=143 (full 61):
 garbage-first heap   total 311296K, used 92074K [0x00000000c0000000, 0x0000000100000000)
  region size 1024K, 1 young (1024K), 0 survivors (0K)
 Metaspace       used 74422K, committed 75328K, reserved 1114112K
  class space    used 10171K, committed 10560K, reserved 1048576K
}
Event: 731.721 GC heap after
{Heap after GC invocations=144 (full 62):
 garbage-first heap   total 311296K, used 92074K [0x00000000c0000000, 0x0000000100000000)
  region size 1024K, 0 young (0K), 0 survivors (0K)
 Metaspace       used 74422K, committed 75328K, reserved 1114112K
  class space    used 10171K, committed 10560K, reserved 1048576K
}
Event: 741.905 GC heap before
{Heap before GC invocations=144 (full 62):
 garbage-first heap   total 311296K, used 92074K [0x00000000c0000000, 0x0000000100000000)
  region size 1024K, 1 young (1024K), 0 survivors (0K)
 Metaspace       used 74422K, committed 75328K, reserved 1114112K
  class space    used 10171K, committed 10560K, reserved 1048576K
}
Event: 741.978 GC heap after
{Heap after GC invocations=145 (full 63):
 garbage-first heap   total 311296K, used 92074K [0x00000000c0000000, 0x0000000100000000)
  region size 1024K, 0 young (0K), 0 survivors (0K)
 Metaspace       used 74422K, committed 75328K, reserved 1114112K
  class space    used 10171K, committed 10560K, reserved 1048576K
}
Event: 752.543 GC heap before
{Heap before GC invocations=145 (full 63):
 garbage-first heap   total 311296K, used 92074K [0x00000000c0000000, 0x0000000100000000)
  region size 1024K, 1 young (1024K), 0 survivors (0K)
 Metaspace       used 74422K, committed 75328K, reserved 1114112K
  class space    used 10171K, committed 10560K, reserved 1048576K
}
Event: 752.630 GC heap after
{Heap after GC invocations=146 (full 64):
 garbage-first heap   total 311296K, used 92074K [0x00000000c0000000, 0x0000000100000000)
  region size 1024K, 0 young (0K), 0 survivors (0K)
 Metaspace       used 74422K, committed 75328K, reserved 1114112K
  class space    used 10171K, committed 10560K, reserved 1048576K
}
Event: 762.871 GC heap before
{Heap before GC invocations=146 (full 64):
 garbage-first heap   total 311296K, used 92074K [0x00000000c0000000, 0x0000000100000000)
  region size 1024K, 1 young (1024K), 0 survivors (0K)
 Metaspace       used 74422K, committed 75328K, reserved 1114112K
  class space    used 10171K, committed 10560K, reserved 1048576K
}
Event: 762.937 GC heap after
{Heap after GC invocations=147 (full 65):
 garbage-first heap   total 311296K, used 92074K [0x00000000c0000000, 0x0000000100000000)
  region size 1024K, 0 young (0K), 0 survivors (0K)
 Metaspace       used 74422K, committed 75328K, reserved 1114112K
  class space    used 10171K, committed 10560K, reserved 1048576K
}
Event: 773.263 GC heap before
{Heap before GC invocations=147 (full 65):
 garbage-first heap   total 311296K, used 92074K [0x00000000c0000000, 0x0000000100000000)
  region size 1024K, 1 young (1024K), 0 survivors (0K)
 Metaspace       used 74422K, committed 75328K, reserved 1114112K
  class space    used 10171K, committed 10560K, reserved 1048576K
}
Event: 773.354 GC heap after
{Heap after GC invocations=148 (full 66):
 garbage-first heap   total 311296K, used 92074K [0x00000000c0000000, 0x0000000100000000)
  region size 1024K, 0 young (0K), 0 survivors (0K)
 Metaspace       used 74422K, committed 75328K, reserved 1114112K
  class space    used 10171K, committed 10560K, reserved 1048576K
}

