<?xml version="1.0" encoding="UTF-8"?>
<testsuite xmlns:xsi="http://www.w3.org/2001/XMLSchema-instance" xsi:noNamespaceSchemaLocation="https://maven.apache.org/surefire/maven-surefire-plugin/xsd/surefire-test-report.xsd" version="3.0.2" name="com.erp.config_service.ConfigServiceApplicationTests" time="7.172" tests="1" errors="0" skipped="0" failures="0">
  <properties>
[...]
</properties>
  <testcase name="contextLoads" classname="com.erp.config_service.ConfigServiceApplicationTests" time="1.09">
    <system-out><![CDATA[21:57:13.302 [main] INFO org.springframework.test.context.support.AnnotationConfigContextLoaderUtils -- Could not detect default configuration classes for test class [com.erp.config_service.ConfigServiceApplicationTests]: ConfigServiceApplicationTests does not declare any static, non-private, non-final, nested classes annotated with @Configuration.
21:57:13.434 [main] INFO org.springframework.boot.test.context.SpringBootTestContextBootstrapper -- Found @SpringBootConfiguration com.erp.config_service.ConfigServiceApplication for test class com.erp.config_service.ConfigServiceApplicationTests
 ,-----.                ,---.,--.                                      ,--.
'  .--./ ,---. ,--,--, /  .-'`--' ,---.   ,---. ,---. ,--.--.,--.  ,--.`--' ,---. ,---.
|  |    | .-. ||      \|  `-,,--.| .-. | (  .-'| .-. :|  .--' \  `'  / ,--.| .--'| .-. :
'  '--'\' '-' '|  ||  ||  .-'|  |' '-' ' .-'  `)   --.|  |     \    /  |  |\ `--.\   --.
 `-----' `---' `--''--'`--'  `--'.`-  /  `----' `----'`--'      `--'   `--' `---' `----'
                                 `---'
 
Powered by Spring Boot 3.4.1
2025-02-13T21:57:15.350-05:00  INFO 15656 --- [config-service] [           main] c.e.c.ConfigServiceApplicationTests      : Starting ConfigServiceApplicationTests using Java 21.0.1 with PID 15656 (started by Alexis Ortiz in C:\ERP\erp_epmapat\config-service)
2025-02-13T21:57:15.358-05:00  INFO 15656 --- [config-service] [           main] c.e.c.ConfigServiceApplicationTests      : No active profile set, falling back to 1 default profile: "default"
2025-02-13T21:57:16.627-05:00  INFO 15656 --- [config-service] [           main] o.s.cloud.context.scope.GenericScope     : BeanFactory id=584fc2f0-ba98-3206-9e05-d066c54598a5
2025-02-13T21:57:18.704-05:00  INFO 15656 --- [config-service] [           main] o.s.cloud.commons.util.InetUtils         : Cannot determine local hostname
2025-02-13T21:57:19.139-05:00  INFO 15656 --- [config-service] [           main] c.e.c.ConfigServiceApplicationTests      : Started ConfigServiceApplicationTests in 5.286 seconds (process running for 6.802)
]]></system-out>
    <system-err><![CDATA[Mockito is currently self-attaching to enable the inline-mock-maker. This will no longer work in future releases of the JDK. Please add Mockito as an agent to your build what is described in Mockito's documentation: https://javadoc.io/doc/org.mockito/mockito-core/latest/org/mockito/Mockito.html#0.3
WARNING: A Java agent has been loaded dynamically (C:\Users\Alexis Ortiz\.m2\repository\net\bytebuddy\byte-buddy-agent\1.15.11\byte-buddy-agent-1.15.11.jar)
WARNING: If a serviceability tool is in use, please run with -XX:+EnableDynamicAgentLoading to hide this warning
WARNING: If a serviceability tool is not in use, please run with -Djdk.instrument.traceUsage for more information
WARNING: Dynamic loading of agents will be disallowed by default in a future release
]]></system-err>
  </testcase>
</testsuite>